2025-02-12 12:41:45,427 INFO o.s.b.StartupInfoLogger [restartedMain] Starting SpringLibraryProjectApplication using Java 22.0.1 with PID 29871 (/home/stud/Рабочий стол/Spring/target/classes started by stud in /home/stud/Рабочий стол/Spring)
2025-02-12 12:41:45,448 INFO o.s.b.SpringApplication [restartedMain] The following 1 profile is active: "dev"
2025-02-12 12:41:45,684 INFO o.s.b.l.DeferredLog [restartedMain] Devtools property defaults active! Set 'spring.devtools.add-properties' to 'false' to disable
2025-02-12 12:41:45,685 INFO o.s.b.l.DeferredLog [restartedMain] For additional web related logging consider setting the 'logging.level.web' property to 'DEBUG'
2025-02-12 12:41:46,294 INFO o.s.d.r.c.RepositoryConfigurationDelegate [restartedMain] Bootstrapping Spring Data JPA repositories in DEFAULT mode.
2025-02-12 12:41:46,348 INFO o.s.d.r.c.RepositoryConfigurationDelegate [restartedMain] Finished Spring Data repository scanning in 48 ms. Found 4 JPA repository interfaces.
2025-02-12 12:41:46,862 INFO o.s.b.w.e.t.TomcatWebServer [restartedMain] Tomcat initialized with port 8080 (http)
2025-02-12 12:41:46,873 INFO o.a.j.l.DirectJDKLog [restartedMain] Initializing ProtocolHandler ["http-nio-8080"]
2025-02-12 12:41:46,876 INFO o.a.j.l.DirectJDKLog [restartedMain] Starting service [Tomcat]
2025-02-12 12:41:46,877 INFO o.a.j.l.DirectJDKLog [restartedMain] Starting Servlet engine: [Apache Tomcat/10.1.30]
2025-02-12 12:41:46,912 INFO o.a.j.l.DirectJDKLog [restartedMain] Initializing Spring embedded WebApplicationContext
2025-02-12 12:41:46,914 INFO o.s.b.w.s.c.ServletWebServerApplicationContext [restartedMain] Root WebApplicationContext: initialization completed in 1227 ms
2025-02-12 12:41:47,060 INFO o.h.j.i.u.LogHelper [restartedMain] HHH000204: Processing PersistenceUnitInfo [name: default]
2025-02-12 12:41:47,122 INFO o.h.Version [restartedMain] HHH000412: Hibernate ORM core version 6.5.3.Final
2025-02-12 12:41:47,151 INFO o.h.c.i.RegionFactoryInitiator [restartedMain] HHH000026: Second-level cache disabled
2025-02-12 12:41:47,350 INFO o.s.o.j.p.SpringPersistenceUnitInfo [restartedMain] No LoadTimeWeaver setup: ignoring JPA class transformer
2025-02-12 12:41:47,371 INFO c.z.h.HikariDataSource [restartedMain] HikariPool-1 - Starting...
2025-02-12 12:41:47,484 INFO c.z.h.p.HikariPool [restartedMain] HikariPool-1 - Added connection org.postgresql.jdbc.PgConnection@5843c983
2025-02-12 12:41:47,485 INFO c.z.h.HikariDataSource [restartedMain] HikariPool-1 - Start completed.
2025-02-12 12:41:47,665 WARN o.h.b.i.InFlightMetadataCollectorImpl [restartedMain] HHH000069: Duplicate generator name default_generator
2025-02-12 12:41:47,673 WARN o.h.b.i.InFlightMetadataCollectorImpl [restartedMain] HHH000069: Duplicate generator name default_generator
2025-02-12 12:41:47,683 WARN o.h.b.i.InFlightMetadataCollectorImpl [restartedMain] HHH000069: Duplicate generator name default_generator
2025-02-12 12:41:48,347 INFO o.h.e.t.j.p.i.JtaPlatformInitiator [restartedMain] HHH000489: No JTA platform available (set 'hibernate.transaction.jta.platform' to enable JTA platform integration)
2025-02-12 12:41:48,439 INFO o.s.o.j.AbstractEntityManagerFactoryBean [restartedMain] Initialized JPA EntityManagerFactory for persistence unit 'default'
2025-02-12 12:41:48,690 INFO o.s.d.j.r.q.QueryEnhancerFactory [restartedMain] Hibernate is in classpath; If applicable, HQL parser will be used.
2025-02-12 12:41:49,839 WARN o.s.b.a.o.j.JpaBaseConfiguration$JpaWebConfiguration [restartedMain] spring.jpa.open-in-view is enabled by default. Therefore, database queries may be performed during view rendering. Explicitly configure spring.jpa.open-in-view to disable this warning
2025-02-12 12:41:49,855 WARN o.s.s.c.a.a.c.InitializeUserDetailsBeanManagerConfigurer$InitializeUserDetailsManagerConfigurer [restartedMain] Global AuthenticationManager configured with an AuthenticationProvider bean. UserDetailsService beans will not be used for username/password login. Consider removing the AuthenticationProvider bean. Alternatively, consider using the UserDetailsService in a manually instantiated DaoAuthenticationProvider.
2025-02-12 12:41:49,919 INFO o.s.b.a.w.s.WelcomePageHandlerMapping [restartedMain] Adding welcome page template: index
2025-02-12 12:41:51,046 INFO o.s.b.d.a.OptionalLiveReloadServer [restartedMain] LiveReload server is running on port 35729
2025-02-12 12:41:51,057 INFO o.a.j.l.DirectJDKLog [restartedMain] Starting ProtocolHandler ["http-nio-8080"]
2025-02-12 12:41:51,068 INFO o.s.b.w.e.t.TomcatWebServer [restartedMain] Tomcat started on port 8080 (http) with context path '/'
2025-02-12 12:41:51,080 INFO o.s.b.StartupInfoLogger [restartedMain] Started SpringLibraryProjectApplication in 6.005 seconds (process running for 6.988)
2025-02-12 12:42:32,355 INFO o.a.j.l.DirectJDKLog [http-nio-8080-exec-1] Initializing Spring DispatcherServlet 'dispatcherServlet'
2025-02-12 12:42:32,355 INFO o.s.w.s.FrameworkServlet [http-nio-8080-exec-1] Initializing Servlet 'dispatcherServlet'
2025-02-12 12:42:32,357 INFO o.s.w.s.FrameworkServlet [http-nio-8080-exec-1] Completed initialization in 1 ms
2025-02-12 12:42:33,235 ERROR c.a.s.l.c.m.MVCErrorController [http-nio-8080-exec-3] Ошибка! 404
2025-02-12 12:53:20,017 INFO o.s.o.j.AbstractEntityManagerFactoryBean [SpringApplicationShutdownHook] Closing JPA EntityManagerFactory for persistence unit 'default'
2025-02-12 12:53:20,020 INFO c.z.h.HikariDataSource [SpringApplicationShutdownHook] HikariPool-1 - Shutdown initiated...
2025-02-12 12:53:20,023 INFO c.z.h.HikariDataSource [SpringApplicationShutdownHook] HikariPool-1 - Shutdown completed.
